[2020-04-09T15:33:30.375] [DEBUG] cheese - login => username:admin,password:123456
[2020-04-09T15:33:30.377] [DEBUG] cheese - admin
[2020-04-09T15:33:30.737] [DEBUG] cheese - null
[2020-04-09T15:33:30.738] [DEBUG] cheese - null
[2020-04-09T15:33:50.410] [DEBUG] cheese - login => username:admin,password:1234
[2020-04-09T15:33:50.410] [DEBUG] cheese - admin
[2020-04-09T15:33:50.414] [DEBUG] cheese - null
[2020-04-09T15:33:50.414] [DEBUG] cheese - null
[2020-04-09T15:33:54.703] [DEBUG] cheese - login => username:admin,password:123456
[2020-04-09T15:33:54.703] [DEBUG] cheese - admin
[2020-04-09T15:33:54.706] [DEBUG] cheese - null
[2020-04-09T15:33:54.706] [DEBUG] cheese - null
[2020-04-09T15:34:28.739] [DEBUG] cheese - login => username:admin,password:123456
[2020-04-09T15:34:28.739] [DEBUG] cheese - admin
[2020-04-09T15:34:29.746] [DEBUG] cheese - { inspect: [Function: inspect] }
[2020-04-09T15:34:29.749] [DEBUG] cheese - 查询失败
[2020-04-09T15:34:33.032] [DEBUG] cheese - login => username:admin,password:123456
[2020-04-09T15:34:33.032] [DEBUG] cheese - admin
[2020-04-09T15:34:34.038] [DEBUG] cheese - { inspect: [Function: inspect] }
[2020-04-09T15:34:34.038] [DEBUG] cheese - 查询失败
[2020-04-09T15:34:42.734] [DEBUG] cheese - login => username:admin,password:123456
[2020-04-09T15:34:42.734] [DEBUG] cheese - admin
[2020-04-09T15:34:42.810] [DEBUG] cheese - null
[2020-04-09T15:34:42.810] [DEBUG] cheese - null
[2020-04-09T15:47:12.533] [DEBUG] cheese - login => username:ad1111,password:123456
[2020-04-09T15:47:12.533] [DEBUG] cheese - ad1111
[2020-04-09T15:47:12.536] [DEBUG] cheese - null
[2020-04-09T15:47:12.536] [DEBUG] cheese - null
[2020-04-09T15:47:16.991] [DEBUG] cheese - login => username:admin,password:123456
[2020-04-09T15:47:16.991] [DEBUG] cheese - admin
[2020-04-09T15:47:16.994] [DEBUG] cheese - null
[2020-04-09T15:47:16.994] [DEBUG] cheese - null
[2020-04-09T15:47:18.801] [DEBUG] cheese - login => username:admin,password:123456
[2020-04-09T15:47:18.801] [DEBUG] cheese - admin
[2020-04-09T15:47:18.802] [DEBUG] cheese - null
[2020-04-09T15:47:18.802] [DEBUG] cheese - null
[2020-04-09T15:47:21.113] [DEBUG] cheese - login => username:admin,password:123456dd
[2020-04-09T15:47:21.113] [DEBUG] cheese - admin
[2020-04-09T15:47:21.117] [DEBUG] cheese - null
[2020-04-09T15:47:21.118] [DEBUG] cheese - null
[2020-04-09T15:47:25.193] [DEBUG] cheese - login => username:admin,password:123456
[2020-04-09T15:47:25.193] [DEBUG] cheese - admin
[2020-04-09T15:47:25.195] [DEBUG] cheese - null
[2020-04-09T15:47:25.195] [DEBUG] cheese - null
[2020-04-09T15:59:40.788] [DEBUG] cheese - login => username:ad222,password:123456
[2020-04-09T15:59:40.788] [DEBUG] cheese - ad222
[2020-04-09T15:59:40.790] [DEBUG] cheese - null
[2020-04-09T15:59:40.790] [DEBUG] cheese - null
[2020-04-09T15:59:48.494] [DEBUG] cheese - login => username:admin,password:123456
[2020-04-09T15:59:48.494] [DEBUG] cheese - admin
[2020-04-09T15:59:48.496] [DEBUG] cheese - null
[2020-04-09T15:59:48.496] [DEBUG] cheese - null
[2020-04-09T15:59:50.795] [DEBUG] cheese - login => username:admin,password:123456
[2020-04-09T15:59:50.796] [DEBUG] cheese - admin
[2020-04-09T15:59:50.798] [DEBUG] cheese - null
[2020-04-09T15:59:50.798] [DEBUG] cheese - null
[2020-04-09T15:59:51.795] [DEBUG] cheese - login => username:admin,password:123456
[2020-04-09T15:59:51.796] [DEBUG] cheese - admin
[2020-04-09T15:59:51.798] [DEBUG] cheese - null
[2020-04-09T15:59:51.798] [DEBUG] cheese - null
[2020-04-09T15:59:54.093] [DEBUG] cheese - login => username:admin,password:123456d
[2020-04-09T15:59:54.093] [DEBUG] cheese - admin
[2020-04-09T15:59:54.095] [DEBUG] cheese - null
[2020-04-09T15:59:54.095] [DEBUG] cheese - null
[2020-04-09T16:00:18.170] [DEBUG] cheese - login => username:sdada,password:a
[2020-04-09T16:00:18.170] [DEBUG] cheese - sdada
[2020-04-09T16:00:18.172] [DEBUG] cheese - null
[2020-04-09T16:00:18.172] [DEBUG] cheese - null
[2020-04-09T16:00:20.435] [DEBUG] cheese - login => username:sdada,password:a
[2020-04-09T16:00:20.435] [DEBUG] cheese - sdada
[2020-04-09T16:00:20.437] [DEBUG] cheese - null
[2020-04-09T16:00:20.437] [DEBUG] cheese - null
[2020-04-09T16:01:27.848] [DEBUG] cheese - login => username:1111,password:dsdsdasdasda
[2020-04-09T16:01:27.848] [DEBUG] cheese - 1111
[2020-04-09T16:01:27.850] [DEBUG] cheese - null
[2020-04-09T16:01:27.851] [DEBUG] cheese - null
[2020-04-09T16:43:55.111] [DEBUG] cheese - login => username:admin,password:123456
[2020-04-09T16:43:55.112] [DEBUG] cheese - admin
[2020-04-09T16:43:56.123] [DEBUG] cheese - { inspect: [Function: inspect] }
[2020-04-09T16:43:56.124] [DEBUG] cheese - 查询失败
[2020-04-15T14:34:38.232] [DEBUG] cheese - login => username:tian7712,password:123456
[2020-04-15T14:34:38.233] [DEBUG] cheese - tian7712
[2020-04-15T14:34:38.592] [DEBUG] cheese - null
[2020-04-15T14:34:38.593] [DEBUG] cheese - null
[2020-04-15T14:34:41.657] [DEBUG] cheese - null
[2020-04-15T14:34:41.663] [DEBUG] cheese - null
[2020-04-15T14:34:43.846] [DEBUG] cheese - null
[2020-04-15T14:34:43.852] [DEBUG] cheese - null
[2020-04-15T14:34:44.251] [DEBUG] cheese - null
[2020-04-15T14:34:44.256] [DEBUG] cheese - null
[2020-04-16T21:28:30.601] [DEBUG] cheese - login => username:tian7712,password:123456
[2020-04-16T21:28:30.603] [DEBUG] cheese - tian7712
[2020-04-16T21:28:30.695] [DEBUG] cheese - null
[2020-04-16T21:28:30.696] [DEBUG] cheese - null
[2020-04-16T21:28:33.232] [DEBUG] cheese - null
[2020-04-16T21:28:33.238] [DEBUG] cheese - null
[2020-04-16T21:28:35.342] [DEBUG] cheese - null
[2020-04-16T21:28:35.347] [DEBUG] cheese - null
[2020-04-16T21:28:35.900] [DEBUG] cheese - null
[2020-04-16T21:28:35.909] [DEBUG] cheese - null
[2020-04-16T21:32:15.944] [DEBUG] cheese - null
[2020-04-16T21:32:15.947] [DEBUG] cheese - null
[2020-04-16T21:32:17.897] [DEBUG] cheese - null
[2020-04-16T21:32:17.900] [DEBUG] cheese - null
[2020-04-16T21:32:18.617] [DEBUG] cheese - null
[2020-04-16T21:32:18.620] [DEBUG] cheese - null
[2020-04-16T21:32:23.247] [DEBUG] cheese - null
[2020-04-16T21:32:23.250] [DEBUG] cheese - null
[2020-04-16T21:32:23.824] [DEBUG] cheese - null
[2020-04-16T21:32:23.829] [DEBUG] cheese - null
[2020-04-16T21:32:24.458] [DEBUG] cheese - null
[2020-04-16T21:32:24.461] [DEBUG] cheese - null
[2020-04-16T21:32:32.714] [DEBUG] cheese - null
[2020-04-16T21:32:32.717] [DEBUG] cheese - null
[2020-04-16T21:32:39.030] [DEBUG] cheese - null
[2020-04-16T21:32:39.032] [DEBUG] cheese - null
[2020-04-16T21:32:39.120] [DEBUG] cheese - null
[2020-04-16T21:32:39.122] [DEBUG] cheese - null
[2020-04-16T21:32:41.563] [DEBUG] cheese - null
[2020-04-16T21:32:41.565] [DEBUG] cheese - null
[2020-04-16T21:32:41.658] [DEBUG] cheese - null
[2020-04-16T21:32:41.660] [DEBUG] cheese - null
[2020-04-16T21:32:45.138] [DEBUG] cheese - null
[2020-04-16T21:32:45.140] [DEBUG] cheese - null
[2020-04-16T21:32:45.228] [DEBUG] cheese - null
[2020-04-16T21:32:45.231] [DEBUG] cheese - null
[2020-04-16T21:32:48.468] [DEBUG] cheese - null
[2020-04-16T21:32:48.470] [DEBUG] cheese - null
[2020-04-16T21:32:57.603] [DEBUG] cheese - null
[2020-04-16T21:32:57.605] [DEBUG] cheese - null
[2020-04-16T21:33:01.903] [DEBUG] cheese - null
[2020-04-16T21:33:01.910] [DEBUG] cheese - null
[2020-04-16T21:33:42.411] [DEBUG] cheese - null
[2020-04-16T21:33:42.414] [DEBUG] cheese - null
[2020-04-16T21:33:44.406] [DEBUG] cheese - null
[2020-04-16T21:33:44.409] [DEBUG] cheese - null
[2020-04-16T21:33:45.192] [DEBUG] cheese - null
[2020-04-16T21:33:45.194] [DEBUG] cheese - null
[2020-04-16T21:33:45.969] [DEBUG] cheese - null
[2020-04-16T21:33:45.972] [DEBUG] cheese - null
[2020-04-16T21:34:00.461] [DEBUG] cheese - login => username:tian7712,password:123456
[2020-04-16T21:34:00.461] [DEBUG] cheese - tian7712
[2020-04-16T21:34:00.463] [DEBUG] cheese - null
[2020-04-16T21:34:00.464] [DEBUG] cheese - null
[2020-04-16T21:34:02.548] [DEBUG] cheese - null
[2020-04-16T21:34:02.550] [DEBUG] cheese - null
[2020-04-16T21:34:03.235] [DEBUG] cheese - null
[2020-04-16T21:34:03.241] [DEBUG] cheese - null
[2020-04-16T21:34:05.383] [DEBUG] cheese - null
[2020-04-16T21:34:05.385] [DEBUG] cheese - null
[2020-04-16T21:35:58.906] [DEBUG] cheese - login => username:tian7712,password:123456
[2020-04-16T21:35:58.906] [DEBUG] cheese - tian7712
[2020-04-16T21:35:58.908] [DEBUG] cheese - null
[2020-04-16T21:35:58.908] [DEBUG] cheese - null
[2020-04-16T21:36:00.378] [DEBUG] cheese - null
[2020-04-16T21:36:00.381] [DEBUG] cheese - null
[2020-04-16T21:36:24.915] [DEBUG] cheese - null
[2020-04-16T21:36:24.917] [DEBUG] cheese - null
[2020-04-16T21:36:27.920] [DEBUG] cheese - null
[2020-04-16T21:36:27.926] [DEBUG] cheese - null
[2020-04-16T21:36:31.000] [DEBUG] cheese - null
[2020-04-16T21:36:31.005] [DEBUG] cheese - null
[2020-04-16T21:36:36.427] [DEBUG] cheese - null
[2020-04-16T21:36:36.431] [DEBUG] cheese - null
[2020-04-16T21:37:49.721] [DEBUG] cheese - null
[2020-04-16T21:37:49.728] [DEBUG] cheese - null
[2020-04-16T21:38:58.180] [DEBUG] cheese - null
[2020-04-16T21:38:58.185] [DEBUG] cheese - null
[2020-04-16T21:39:10.665] [DEBUG] cheese - null
[2020-04-16T21:39:10.670] [DEBUG] cheese - null
[2020-04-16T21:39:21.613] [DEBUG] cheese - null
[2020-04-16T21:39:21.618] [DEBUG] cheese - null
[2020-04-16T21:39:34.164] [DEBUG] cheese - null
[2020-04-16T21:39:34.166] [DEBUG] cheese - null
[2020-04-16T21:42:28.532] [DEBUG] cheese - null
[2020-04-16T21:42:28.537] [DEBUG] cheese - null
[2020-04-16T21:42:37.976] [DEBUG] cheese - login => username:tian7712,password:123456
[2020-04-16T21:42:37.977] [DEBUG] cheese - tian7712
[2020-04-16T21:42:37.978] [DEBUG] cheese - null
[2020-04-16T21:42:37.979] [DEBUG] cheese - null
[2020-04-16T21:42:40.698] [DEBUG] cheese - null
[2020-04-16T21:42:40.701] [DEBUG] cheese - null
[2020-04-16T21:44:44.243] [DEBUG] cheese - null
[2020-04-16T21:44:44.245] [DEBUG] cheese - null
[2020-04-16T21:46:04.288] [DEBUG] cheese - null
[2020-04-16T21:46:04.294] [DEBUG] cheese - null
[2020-04-16T21:46:05.512] [DEBUG] cheese - null
[2020-04-16T21:46:05.516] [DEBUG] cheese - null
[2020-04-16T21:46:24.213] [DEBUG] cheese - null
[2020-04-16T21:46:24.219] [DEBUG] cheese - null
[2020-04-16T21:55:07.834] [DEBUG] cheese - null
[2020-04-16T21:55:07.836] [DEBUG] cheese - null
[2020-04-16T22:15:16.284] [DEBUG] cheese - null
[2020-04-16T22:15:16.287] [DEBUG] cheese - null
[2020-04-16T22:20:51.008] [DEBUG] cheese - null
[2020-04-16T22:20:51.012] [DEBUG] cheese - null
[2020-04-16T22:21:14.200] [DEBUG] cheese - null
[2020-04-16T22:21:14.204] [DEBUG] cheese - null
[2020-04-16T22:21:57.713] [DEBUG] cheese - null
[2020-04-16T22:21:57.716] [DEBUG] cheese - null
[2020-04-16T22:22:43.724] [DEBUG] cheese - null
[2020-04-16T22:22:43.726] [DEBUG] cheese - null
[2020-04-16T22:23:08.183] [DEBUG] cheese - null
[2020-04-16T22:23:08.187] [DEBUG] cheese - null
[2020-04-16T22:24:33.820] [DEBUG] cheese - null
[2020-04-16T22:24:33.822] [DEBUG] cheese - null
[2020-04-16T22:24:39.711] [DEBUG] cheese - null
[2020-04-16T22:24:39.714] [DEBUG] cheese - null
[2020-04-16T22:25:03.622] [DEBUG] cheese - null
[2020-04-16T22:25:03.626] [DEBUG] cheese - null
[2020-04-16T22:26:41.822] [DEBUG] cheese - null
[2020-04-16T22:26:41.824] [DEBUG] cheese - null
[2020-04-16T22:26:42.903] [DEBUG] cheese - null
[2020-04-16T22:26:42.909] [DEBUG] cheese - null
[2020-04-16T22:27:00.465] [DEBUG] cheese - null
[2020-04-16T22:27:00.468] [DEBUG] cheese - null
[2020-04-16T22:27:02.048] [DEBUG] cheese - null
[2020-04-16T22:27:02.052] [DEBUG] cheese - null
[2020-04-16T22:27:03.400] [DEBUG] cheese - null
[2020-04-16T22:27:03.403] [DEBUG] cheese - null
[2020-04-16T22:27:04.482] [DEBUG] cheese - null
[2020-04-16T22:27:04.484] [DEBUG] cheese - null
[2020-04-16T22:27:06.352] [DEBUG] cheese - null
[2020-04-16T22:27:06.353] [DEBUG] cheese - null
[2020-04-16T22:27:08.099] [DEBUG] cheese - null
[2020-04-16T22:27:08.101] [DEBUG] cheese - null
[2020-04-16T22:27:12.541] [DEBUG] cheese - null
[2020-04-16T22:27:12.543] [DEBUG] cheese - null
[2020-04-16T22:27:13.458] [DEBUG] cheese - null
[2020-04-16T22:27:13.460] [DEBUG] cheese - null
[2020-04-16T22:28:40.177] [DEBUG] cheese - null
[2020-04-16T22:28:40.179] [DEBUG] cheese - null
[2020-04-16T22:28:43.008] [DEBUG] cheese - null
[2020-04-16T22:28:43.012] [DEBUG] cheese - null
[2020-04-16T22:28:59.385] [DEBUG] cheese - null
[2020-04-16T22:28:59.389] [DEBUG] cheese - null
[2020-04-16T22:29:50.025] [DEBUG] cheese - null
[2020-04-16T22:29:50.028] [DEBUG] cheese - null
[2020-04-16T22:30:50.636] [DEBUG] cheese - null
[2020-04-16T22:30:50.640] [DEBUG] cheese - null
[2020-04-16T22:31:24.604] [DEBUG] cheese - null
[2020-04-16T22:31:24.606] [DEBUG] cheese - null
[2020-04-16T22:32:40.590] [DEBUG] cheese - null
[2020-04-16T22:32:40.594] [DEBUG] cheese - null
[2020-04-16T22:32:58.301] [DEBUG] cheese - null
[2020-04-16T22:32:58.314] [DEBUG] cheese - null
[2020-04-16T22:33:21.587] [DEBUG] cheese - null
[2020-04-16T22:33:21.589] [DEBUG] cheese - null
[2020-04-16T22:34:27.372] [DEBUG] cheese - null
[2020-04-16T22:34:27.377] [DEBUG] cheese - null
[2020-04-16T22:38:03.727] [DEBUG] cheese - null
[2020-04-16T22:38:03.733] [DEBUG] cheese - null
[2020-04-16T22:38:28.628] [DEBUG] cheese - null
[2020-04-16T22:38:28.631] [DEBUG] cheese - null
[2020-04-16T22:40:48.053] [DEBUG] cheese - null
[2020-04-16T22:40:48.057] [DEBUG] cheese - null
[2020-04-16T22:40:54.130] [DEBUG] cheese - null
[2020-04-16T22:40:54.135] [DEBUG] cheese - null
[2020-04-16T22:41:19.364] [DEBUG] cheese - null
[2020-04-16T22:41:19.374] [DEBUG] cheese - null
[2020-04-16T22:43:43.648] [DEBUG] cheese - null
[2020-04-16T22:43:43.653] [DEBUG] cheese - null
[2020-04-16T22:43:44.302] [DEBUG] cheese - null
[2020-04-16T22:43:44.307] [DEBUG] cheese - null
[2020-04-16T22:44:00.670] [DEBUG] cheese - null
[2020-04-16T22:44:00.676] [DEBUG] cheese - null
[2020-04-16T22:44:05.725] [DEBUG] cheese - login => username:tian7712,password:123456
[2020-04-16T22:44:05.725] [DEBUG] cheese - tian7712
[2020-04-16T22:44:05.727] [DEBUG] cheese - null
[2020-04-16T22:44:05.728] [DEBUG] cheese - null
[2020-04-16T22:44:09.338] [DEBUG] cheese - null
[2020-04-16T22:44:09.339] [DEBUG] cheese - null
[2020-04-16T22:44:37.115] [DEBUG] cheese - null
[2020-04-16T22:44:37.117] [DEBUG] cheese - null
[2020-04-16T22:44:39.403] [DEBUG] cheese - login => username:tian7712,password:123456
[2020-04-16T22:44:39.403] [DEBUG] cheese - tian7712
[2020-04-16T22:44:39.405] [DEBUG] cheese - null
[2020-04-16T22:44:39.405] [DEBUG] cheese - null
[2020-04-16T22:44:59.714] [DEBUG] cheese - login => username:tian7712,password:123456
[2020-04-16T22:44:59.715] [DEBUG] cheese - tian7712
[2020-04-16T22:44:59.717] [DEBUG] cheese - null
[2020-04-16T22:44:59.717] [DEBUG] cheese - null
[2020-04-16T22:45:09.026] [DEBUG] cheese - login => username:tian7712,password:123456
[2020-04-16T22:45:09.026] [DEBUG] cheese - tian7712
[2020-04-16T22:45:09.028] [DEBUG] cheese - null
[2020-04-16T22:45:09.028] [DEBUG] cheese - null
[2020-04-16T22:45:11.182] [DEBUG] cheese - login => username:tian7712,password:123456
[2020-04-16T22:45:11.182] [DEBUG] cheese - tian7712
[2020-04-16T22:45:11.184] [DEBUG] cheese - null
[2020-04-16T22:45:11.184] [DEBUG] cheese - null
[2020-04-16T22:46:52.643] [DEBUG] cheese - login => username:tian7712,password:123456
[2020-04-16T22:46:52.643] [DEBUG] cheese - tian7712
[2020-04-16T22:46:52.645] [DEBUG] cheese - null
[2020-04-16T22:46:52.646] [DEBUG] cheese - null
[2020-04-16T22:47:38.180] [DEBUG] cheese - login => username:tian7712,password:123456
[2020-04-16T22:47:38.180] [DEBUG] cheese - tian7712
[2020-04-16T22:47:38.182] [DEBUG] cheese - null
[2020-04-16T22:47:38.182] [DEBUG] cheese - null
[2020-04-16T22:48:40.253] [DEBUG] cheese - login => username:tian7712,password:123456
[2020-04-16T22:48:40.253] [DEBUG] cheese - tian7712
[2020-04-16T22:48:40.255] [DEBUG] cheese - null
[2020-04-16T22:48:40.255] [DEBUG] cheese - null
[2020-04-16T22:48:49.747] [DEBUG] cheese - login => username:tian7712,password:123456
[2020-04-16T22:48:49.747] [DEBUG] cheese - tian7712
[2020-04-16T22:48:49.750] [DEBUG] cheese - null
[2020-04-16T22:48:49.750] [DEBUG] cheese - null
[2020-04-16T22:49:51.693] [DEBUG] cheese - login => username:tian7712,password:123456
[2020-04-16T22:49:51.693] [DEBUG] cheese - tian7712
[2020-04-16T22:49:51.696] [DEBUG] cheese - null
[2020-04-16T22:49:51.696] [DEBUG] cheese - null
[2020-04-16T22:50:18.965] [DEBUG] cheese - login => username:tian7712,password:123456
[2020-04-16T22:50:18.965] [DEBUG] cheese - tian7712
[2020-04-16T22:50:18.967] [DEBUG] cheese - null
[2020-04-16T22:50:18.967] [DEBUG] cheese - null
[2020-04-16T22:51:50.751] [DEBUG] cheese - login => username:tian7712,password:123456
[2020-04-16T22:51:50.751] [DEBUG] cheese - tian7712
[2020-04-16T22:51:50.753] [DEBUG] cheese - null
[2020-04-16T22:51:50.753] [DEBUG] cheese - null
[2020-04-16T22:52:00.953] [DEBUG] cheese - login => username:tian7712,password:123456
[2020-04-16T22:52:00.953] [DEBUG] cheese - tian7712
[2020-04-16T22:52:00.955] [DEBUG] cheese - null
[2020-04-16T22:52:00.955] [DEBUG] cheese - null
[2020-04-16T22:52:11.819] [DEBUG] cheese - login => username:tian7712,password:123456
[2020-04-16T22:52:11.819] [DEBUG] cheese - tian7712
[2020-04-16T22:52:11.821] [DEBUG] cheese - null
[2020-04-16T22:52:11.821] [DEBUG] cheese - null
[2020-04-16T22:53:43.884] [DEBUG] cheese - login => username:tian7712,password:123456
[2020-04-16T22:53:43.884] [DEBUG] cheese - tian7712
[2020-04-16T22:53:43.889] [DEBUG] cheese - null
[2020-04-16T22:53:43.889] [DEBUG] cheese - null
[2020-04-16T22:55:25.745] [DEBUG] cheese - login => username:tian7712,password:123456
[2020-04-16T22:55:25.745] [DEBUG] cheese - tian7712
[2020-04-16T22:55:25.748] [DEBUG] cheese - null
[2020-04-16T22:55:25.748] [DEBUG] cheese - null
[2020-04-16T22:55:44.163] [DEBUG] cheese - login => username:tian7712,password:123456
[2020-04-16T22:55:44.163] [DEBUG] cheese - tian7712
[2020-04-16T22:55:44.166] [DEBUG] cheese - null
[2020-04-16T22:55:44.166] [DEBUG] cheese - null
[2020-04-16T22:56:34.746] [DEBUG] cheese - login => username:tian7712,password:123456
[2020-04-16T22:56:34.746] [DEBUG] cheese - tian7712
[2020-04-16T22:56:34.748] [DEBUG] cheese - null
[2020-04-16T22:56:34.748] [DEBUG] cheese - null
[2020-04-16T22:56:42.865] [DEBUG] cheese - login => username:tian7712,password:123456
[2020-04-16T22:56:42.865] [DEBUG] cheese - tian7712
[2020-04-16T22:56:42.869] [DEBUG] cheese - null
[2020-04-16T22:56:42.869] [DEBUG] cheese - null
[2020-04-16T22:57:38.254] [DEBUG] cheese - login => username:tian7712,password:123456
[2020-04-16T22:57:38.254] [DEBUG] cheese - tian7712
[2020-04-16T22:57:38.257] [DEBUG] cheese - null
[2020-04-16T22:57:38.257] [DEBUG] cheese - null
[2020-04-16T22:58:57.675] [DEBUG] cheese - login => username:tian7712,password:123456
[2020-04-16T22:58:57.676] [DEBUG] cheese - tian7712
[2020-04-16T22:58:57.678] [DEBUG] cheese - null
[2020-04-16T22:58:57.679] [DEBUG] cheese - null
[2020-04-16T22:59:01.304] [DEBUG] cheese - login => username:tian7712,password:123456
[2020-04-16T22:59:01.304] [DEBUG] cheese - tian7712
[2020-04-16T22:59:01.307] [DEBUG] cheese - null
[2020-04-16T22:59:01.307] [DEBUG] cheese - null
[2020-04-16T22:59:28.402] [DEBUG] cheese - login => username:tian7712,password:123456
[2020-04-16T22:59:28.402] [DEBUG] cheese - tian7712
[2020-04-16T22:59:28.404] [DEBUG] cheese - null
[2020-04-16T22:59:28.405] [DEBUG] cheese - null
[2020-04-16T23:00:04.736] [DEBUG] cheese - login => username:tian7712,password:123456
[2020-04-16T23:00:04.737] [DEBUG] cheese - tian7712
[2020-04-16T23:00:04.739] [DEBUG] cheese - null
[2020-04-16T23:00:04.739] [DEBUG] cheese - null
[2020-04-16T23:00:12.171] [DEBUG] cheese - null
[2020-04-16T23:00:12.173] [DEBUG] cheese - null
[2020-04-16T23:00:56.999] [DEBUG] cheese - null
[2020-04-16T23:00:57.001] [DEBUG] cheese - null
[2020-04-16T23:00:59.233] [DEBUG] cheese - login => username:tian7712,password:123456
[2020-04-16T23:00:59.233] [DEBUG] cheese - tian7712
[2020-04-16T23:00:59.235] [DEBUG] cheese - null
[2020-04-16T23:00:59.235] [DEBUG] cheese - null
[2020-04-16T23:02:46.824] [DEBUG] cheese - login => username:tian7712,password:123456
[2020-04-16T23:02:46.824] [DEBUG] cheese - tian7712
[2020-04-16T23:02:46.825] [DEBUG] cheese - null
[2020-04-16T23:02:46.825] [DEBUG] cheese - null
[2020-04-16T23:02:48.152] [DEBUG] cheese - null
[2020-04-16T23:02:48.154] [DEBUG] cheese - null
[2020-04-16T23:03:36.642] [DEBUG] cheese - null
[2020-04-16T23:03:36.648] [DEBUG] cheese - null
[2020-04-16T23:04:05.216] [DEBUG] cheese - null
[2020-04-16T23:04:05.218] [DEBUG] cheese - null
[2020-04-16T23:04:26.533] [DEBUG] cheese - null
[2020-04-16T23:04:26.537] [DEBUG] cheese - null
[2020-04-16T23:04:27.564] [DEBUG] cheese - null
[2020-04-16T23:04:27.574] [DEBUG] cheese - null
[2020-04-16T23:07:11.270] [DEBUG] cheese - null
[2020-04-16T23:07:11.273] [DEBUG] cheese - null
[2020-04-16T23:07:47.210] [DEBUG] cheese - null
[2020-04-16T23:07:47.218] [DEBUG] cheese - null
[2020-04-16T23:08:33.248] [DEBUG] cheese - null
[2020-04-16T23:08:33.254] [DEBUG] cheese - null
[2020-04-16T23:08:46.190] [DEBUG] cheese - null
[2020-04-16T23:08:46.193] [DEBUG] cheese - null
[2020-04-16T23:09:09.519] [DEBUG] cheese - null
[2020-04-16T23:09:09.530] [DEBUG] cheese - null
[2020-04-16T23:10:40.682] [DEBUG] cheese - null
[2020-04-16T23:10:40.686] [DEBUG] cheese - null
[2020-04-16T23:11:45.892] [DEBUG] cheese - null
[2020-04-16T23:11:45.894] [DEBUG] cheese - null
[2020-04-16T23:13:57.614] [DEBUG] cheese - null
[2020-04-16T23:13:57.616] [DEBUG] cheese - null
[2020-04-16T23:14:11.944] [DEBUG] cheese - null
[2020-04-16T23:14:11.949] [DEBUG] cheese - null
[2020-04-16T23:14:23.223] [DEBUG] cheese - null
[2020-04-16T23:14:23.227] [DEBUG] cheese - null
[2020-04-16T23:14:31.742] [DEBUG] cheese - null
[2020-04-16T23:14:31.744] [DEBUG] cheese - null
[2020-04-16T23:16:10.637] [DEBUG] cheese - null
[2020-04-16T23:16:10.641] [DEBUG] cheese - null
[2020-04-16T23:16:13.906] [DEBUG] cheese - null
[2020-04-16T23:16:13.911] [DEBUG] cheese - null
[2020-04-16T23:16:18.392] [DEBUG] cheese - null
[2020-04-16T23:16:18.396] [DEBUG] cheese - null
[2020-04-16T23:16:43.853] [DEBUG] cheese - null
[2020-04-16T23:16:43.855] [DEBUG] cheese - null
[2020-04-16T23:17:31.418] [DEBUG] cheese - null
[2020-04-16T23:17:31.422] [DEBUG] cheese - null
[2020-04-16T23:18:39.023] [DEBUG] cheese - null
[2020-04-16T23:18:39.025] [DEBUG] cheese - null
[2020-04-16T23:18:55.230] [DEBUG] cheese - login => username:tian7712,password:123456
[2020-04-16T23:18:55.230] [DEBUG] cheese - tian7712
[2020-04-16T23:18:55.233] [DEBUG] cheese - null
[2020-04-16T23:18:55.233] [DEBUG] cheese - null
[2020-04-16T23:19:01.666] [DEBUG] cheese - login => username:admin,password:123456
[2020-04-16T23:19:01.666] [DEBUG] cheese - admin
[2020-04-16T23:19:01.667] [DEBUG] cheese - null
[2020-04-16T23:19:01.668] [DEBUG] cheese - null
[2020-04-17T00:02:20.422] [DEBUG] cheese - login => username:tian7712,password:123456
[2020-04-17T00:02:20.423] [DEBUG] cheese - tian7712
[2020-04-17T00:02:20.426] [DEBUG] cheese - null
[2020-04-17T00:02:20.426] [DEBUG] cheese - null
[2020-04-17T00:02:26.004] [DEBUG] cheese - null
[2020-04-17T00:02:26.007] [DEBUG] cheese - null
[2020-04-17T00:42:47.765] [DEBUG] cheese - login => username:tian7712,password:123456
[2020-04-17T00:42:47.766] [DEBUG] cheese - tian7712
[2020-04-17T00:42:47.815] [DEBUG] cheese - null
[2020-04-17T00:42:47.816] [DEBUG] cheese - null
[2020-04-17T00:42:50.446] [DEBUG] cheese - null
[2020-04-17T00:42:50.451] [DEBUG] cheese - null
[2020-04-17T00:42:55.104] [DEBUG] cheese - login => username:tian7712,password:123456
[2020-04-17T00:42:55.104] [DEBUG] cheese - tian7712
[2020-04-17T00:42:55.107] [DEBUG] cheese - null
[2020-04-17T00:42:55.107] [DEBUG] cheese - null
[2020-04-17T00:43:04.487] [DEBUG] cheese - null
[2020-04-17T00:43:04.491] [DEBUG] cheese - null
[2020-04-17T00:43:10.832] [DEBUG] cheese - null
[2020-04-17T00:43:10.837] [DEBUG] cheese - null
[2020-04-17T00:43:30.030] [DEBUG] cheese - null
[2020-04-17T00:43:30.034] [DEBUG] cheese - null
[2020-04-17T00:43:57.538] [DEBUG] cheese - null
[2020-04-17T00:43:57.542] [DEBUG] cheese - null
[2020-04-17T00:43:57.722] [DEBUG] cheese - null
[2020-04-17T00:43:57.729] [DEBUG] cheese - null
[2020-04-17T00:48:19.858] [DEBUG] cheese - login => username:tian7712,password:1332323
[2020-04-17T00:48:19.858] [DEBUG] cheese - tian7712
[2020-04-17T00:48:19.863] [DEBUG] cheese - null
[2020-04-17T00:48:19.863] [DEBUG] cheese - null
[2020-04-17T00:48:23.861] [DEBUG] cheese - login => username:tian7712,password:123456
[2020-04-17T00:48:23.861] [DEBUG] cheese - tian7712
[2020-04-17T00:48:23.865] [DEBUG] cheese - null
[2020-04-17T00:48:23.865] [DEBUG] cheese - null
[2020-04-17T00:48:26.473] [DEBUG] cheese - null
[2020-04-17T00:48:26.479] [DEBUG] cheese - null
[2020-04-17T00:48:30.927] [DEBUG] cheese - null
[2020-04-17T00:48:30.931] [DEBUG] cheese - null
[2020-04-17T00:48:35.318] [DEBUG] cheese - null
[2020-04-17T00:48:35.322] [DEBUG] cheese - null
